# JRE version: Java(TM) SE Runtime Environment (8.0_112-b15) (build 1.8.0_112-b15)
# Java VM: Java HotSpot(TM) 64-Bit Server VM (25.112-b15 mixed mode windows-amd64 compressed oops)
Heap:
 PSYoungGen      total 59904K, used 43198K [0x00000007bc400000, 0x00000007c0000000, 0x00000007c0000000)
  eden space 58368K, 72% used [0x00000007bc400000,0x00000007bed2fa70,0x00000007bfd00000)
  from space 1536K, 66% used [0x00000007bfd00000,0x00000007bfe00000,0x00000007bfe80000)
  to   space 1536K, 0% used [0x00000007bfe80000,0x00000007bfe80000,0x00000007c0000000)
 ParOldGen       total 339968K, used 143038K [0x0000000700000000, 0x0000000714c00000, 0x00000007bc400000)
  object space 339968K, 42% used [0x0000000700000000,0x0000000708baf980,0x0000000714c00000)
 Metaspace       used 94677K, capacity 95539K, committed 96384K, reserved 1132544K
  class space    used 13679K, capacity 13854K, committed 13952K, reserved 1048576K
GC Heap History (10 events):
Event: 703209.314 GC heap before
{Heap before GC invocations=13671 (full 414):
 PSYoungGen      total 60928K, used 60704K [0x00000007bc400000, 0x00000007c0000000, 0x00000007c0000000)
  eden space 60416K, 100% used [0x00000007bc400000,0x00000007bff00000,0x00000007bff00000)
  from space 512K, 56% used [0x00000007bff80000,0x00000007bffc8000,0x00000007c0000000)
  to   space 512K, 0% used [0x00000007bff00000,0x00000007bff00000,0x00000007bff80000)
 ParOldGen       total 339968K, used 141838K [0x0000000700000000, 0x0000000714c00000, 0x00000007bc400000)
  object space 339968K, 41% used [0x0000000700000000,0x0000000708a83840,0x0000000714c00000)
 Metaspace       used 94666K, capacity 95515K, committed 96384K, reserved 1132544K
  class space    used 13677K, capacity 13850K, committed 13952K, reserved 1048576K
Event: 703209.319 GC heap after
Heap after GC invocations=13671 (full 414):
 PSYoungGen      total 60928K, used 416K [0x00000007bc400000, 0x00000007c0000000, 0x00000007c0000000)
  eden space 60416K, 0% used [0x00000007bc400000,0x00000007bc400000,0x00000007bff00000)
  from space 512K, 81% used [0x00000007bff00000,0x00000007bff68000,0x00000007bff80000)
  to   space 512K, 0% used [0x00000007bff80000,0x00000007bff80000,0x00000007c0000000)
 ParOldGen       total 339968K, used 141838K [0x0000000700000000, 0x0000000714c00000, 0x00000007bc400000)
  object space 339968K, 41% used [0x0000000700000000,0x0000000708a83840,0x0000000714c00000)
 Metaspace       used 94666K, capacity 95515K, committed 96384K, reserved 1132544K
  class space    used 13677K, capacity 13850K, committed 13952K, reserved 1048576K
}
Event: 703222.224 GC heap before
{Heap before GC invocations=13672 (full 414):
 PSYoungGen      total 60928K, used 60832K [0x00000007bc400000, 0x00000007c0000000, 0x00000007c0000000)
  eden space 60416K, 100% used [0x00000007bc400000,0x00000007bff00000,0x00000007bff00000)
  from space 512K, 81% used [0x00000007bff00000,0x00000007bff68000,0x00000007bff80000)
  to   space 512K, 0% used [0x00000007bff80000,0x00000007bff80000,0x00000007c0000000)
 ParOldGen       total 339968K, used 141838K [0x0000000700000000, 0x0000000714c00000, 0x00000007bc400000)
  object space 339968K, 41% used [0x0000000700000000,0x0000000708a83840,0x0000000714c00000)
 Metaspace       used 94671K, capacity 95533K, committed 96384K, reserved 1132544K
  class space    used 13679K, capacity 13853K, committed 13952K, reserved 1048576K
Event: 703222.228 GC heap after
Heap after GC invocations=13672 (full 414):
 PSYoungGen      total 59904K, used 512K [0x00000007bc400000, 0x00000007c0000000, 0x00000007c0000000)
  eden space 59392K, 0% used [0x00000007bc400000,0x00000007bc400000,0x00000007bfe00000)
  from space 512K, 100% used [0x00000007bff80000,0x00000007c0000000,0x00000007c0000000)
  to   space 1024K, 0% used [0x00000007bfe00000,0x00000007bfe00000,0x00000007bff00000)
 ParOldGen       total 339968K, used 143038K [0x0000000700000000, 0x0000000714c00000, 0x00000007bc400000)
  object space 339968K, 42% used [0x0000000700000000,0x0000000708baf980,0x0000000714c00000)
 Metaspace       used 94671K, capacity 95533K, committed 96384K, reserved 1132544K
  class space    used 13679K, capacity 13853K, committed 13952K, reserved 1048576K
}
Event: 703225.886 GC heap before
{Heap before GC invocations=13673 (full 414):
 PSYoungGen      total 59904K, used 59904K [0x00000007bc400000, 0x00000007c0000000, 0x00000007c0000000)
  eden space 59392K, 100% used [0x00000007bc400000,0x00000007bfe00000,0x00000007bfe00000)
  from space 512K, 100% used [0x00000007bff80000,0x00000007c0000000,0x00000007c0000000)
  to   space 1024K, 0% used [0x00000007bfe00000,0x00000007bfe00000,0x00000007bff00000)
 ParOldGen       total 339968K, used 143038K [0x0000000700000000, 0x0000000714c00000, 0x00000007bc400000)
  object space 339968K, 42% used [0x0000000700000000,0x0000000708baf980,0x0000000714c00000)
 Metaspace       used 94671K, capacity 95533K, committed 96384K, reserved 1132544K
  class space    used 13679K, capacity 13853K, committed 13952K, reserved 1048576K
Event: 703225.889 GC heap after
Heap after GC invocations=13673 (full 414):
 PSYoungGen      total 60416K, used 800K [0x00000007bc400000, 0x00000007c0000000, 0x00000007c0000000)
  eden space 59392K, 0% used [0x00000007bc400000,0x00000007bc400000,0x00000007bfe00000)
  from space 1024K, 78% used [0x00000007bfe00000,0x00000007bfec8000,0x00000007bff00000)
  to   space 1024K, 0% used [0x00000007bff00000,0x00000007bff00000,0x00000007c0000000)
 ParOldGen       total 339968K, used 143038K [0x0000000700000000, 0x0000000714c00000, 0x00000007bc400000)
  object space 339968K, 42% used [0x0000000700000000,0x0000000708baf980,0x0000000714c00000)
 Metaspace       used 94671K, capacity 95533K, committed 96384K, reserved 1132544K
  class space    used 13679K, capacity 13853K, committed 13952K, reserved 1048576K
}
Event: 703226.967 GC heap before
{Heap before GC invocations=13674 (full 414):
 PSYoungGen      total 60416K, used 60192K [0x00000007bc400000, 0x00000007c0000000, 0x00000007c0000000)
  eden space 59392K, 100% used [0x00000007bc400000,0x00000007bfe00000,0x00000007bfe00000)
  from space 1024K, 78% used [0x00000007bfe00000,0x00000007bfec8000,0x00000007bff00000)
  to   space 1024K, 0% used [0x00000007bff00000,0x00000007bff00000,0x00000007c0000000)
 ParOldGen       total 339968K, used 143038K [0x0000000700000000, 0x0000000714c00000, 0x00000007bc400000)
  object space 339968K, 42% used [0x0000000700000000,0x0000000708baf980,0x0000000714c00000)
 Metaspace       used 94671K, capacity 95533K, committed 96384K, reserved 1132544K
  class space    used 13679K, capacity 13853K, committed 13952K, reserved 1048576K
Event: 703226.973 GC heap after
Heap after GC invocations=13674 (full 414):
 PSYoungGen      total 59392K, used 800K [0x00000007bc400000, 0x00000007c0000000, 0x00000007c0000000)
  eden space 58368K, 0% used [0x00000007bc400000,0x00000007bc400000,0x00000007bfd00000)
  from space 1024K, 78% used [0x00000007bff00000,0x00000007bffc8000,0x00000007c0000000)
  to   space 1536K, 0% used [0x00000007bfd00000,0x00000007bfd00000,0x00000007bfe80000)
 ParOldGen       total 339968K, used 143038K [0x0000000700000000, 0x0000000714c00000, 0x00000007bc400000)
  object space 339968K, 42% used [0x0000000700000000,0x0000000708baf980,0x0000000714c00000)
 Metaspace       used 94671K, capacity 95533K, committed 96384K, reserved 1132544K
  class space    used 13679K, capacity 13853K, committed 13952K, reserved 1048576K
}
Event: 703234.912 GC heap before
{Heap before GC invocations=13675 (full 414):
 PSYoungGen      total 59392K, used 59168K [0x00000007bc400000, 0x00000007c0000000, 0x00000007c0000000)
  eden space 58368K, 100% used [0x00000007bc400000,0x00000007bfd00000,0x00000007bfd00000)
  from space 1024K, 78% used [0x00000007bff00000,0x00000007bffc8000,0x00000007c0000000)
  to   space 1536K, 0% used [0x00000007bfd00000,0x00000007bfd00000,0x00000007bfe80000)
 ParOldGen       total 339968K, used 143038K [0x0000000700000000, 0x0000000714c00000, 0x00000007bc400000)
  object space 339968K, 42% used [0x0000000700000000,0x0000000708baf980,0x0000000714c00000)
 Metaspace       used 94672K, capacity 95533K, committed 96384K, reserved 1132544K
  class space    used 13679K, capacity 13853K, committed 13952K, reserved 1048576K
Event: 703234.916 GC heap after
Heap after GC invocations=13675 (full 414):
 PSYoungGen      total 59904K, used 1024K [0x00000007bc400000, 0x00000007c0000000, 0x00000007c0000000)
  eden space 58368K, 0% used [0x00000007bc400000,0x00000007bc400000,0x00000007bfd00000)
  from space 1536K, 66% used [0x00000007bfd00000,0x00000007bfe00000,0x00000007bfe80000)
  to   space 1536K, 0% used [0x00000007bfe80000,0x00000007bfe80000,0x00000007c0000000)
 ParOldGen       total 339968K, used 143038K [0x0000000700000000, 0x0000000714c00000, 0x00000007bc400000)
  object space 339968K, 42% used [0x0000000700000000,0x0000000708baf980,0x0000000714c00000)
 Metaspace       used 94672K, capacity 95533K, committed 96384K, reserved 1132544K
  class space    used 13679K, capacity 13853K, committed 13952K, reserved 1048576K
}

